Wed, 11 Oct 2017 14:12:40 - main - INFO - test main logger
Thu, 12 Oct 2017 13:40:49 - main - INFO - test main logger
Thu, 12 Oct 2017 13:42:38 - main - INFO - test main logger
Thu, 12 Oct 2017 13:43:20 - main - INFO - test main logger
Thu, 12 Oct 2017 13:45:39 - main - INFO - test main logger
Thu, 12 Oct 2017 13:47:53 - main - INFO - test main logger
Thu, 12 Oct 2017 13:48:04 - main - INFO - test main logger
Thu, 12 Oct 2017 13:49:09 - main - INFO - test main logger
Thu, 12 Oct 2017 13:51:14 - main - INFO - test main logger
Thu, 12 Oct 2017 13:52:06 - main - INFO - test main logger
Thu, 12 Oct 2017 13:53:15 - main - INFO - test main logger
Thu, 12 Oct 2017 13:57:00 - main - INFO - test main logger
Thu, 12 Oct 2017 14:20:43 - main - INFO - test main logger
Thu, 12 Oct 2017 14:24:02 - main - INFO - test main logger
Thu, 12 Oct 2017 14:28:03 - main - INFO - test main logger
Thu, 12 Oct 2017 14:36:52 - main - INFO - test main logger
Thu, 12 Oct 2017 14:37:10 - main - INFO - test main logger
Thu, 12 Oct 2017 14:38:16 - main - INFO - test main logger
Thu, 12 Oct 2017 14:39:21 - main - INFO - test main logger
Thu, 12 Oct 2017 14:43:05 - main - INFO - test main logger
Thu, 12 Oct 2017 14:54:37 - main - INFO - test main logger
Thu, 12 Oct 2017 14:55:26 - main - INFO - test main logger
Thu, 12 Oct 2017 15:02:06 - main - INFO - test main logger
Thu, 12 Oct 2017 15:02:11 - main - INFO - test main logger
Thu, 12 Oct 2017 15:13:44 - main - INFO - test main logger
Thu, 12 Oct 2017 15:15:02 - main - INFO - test main logger
Thu, 12 Oct 2017 15:17:37 - main - INFO - test main logger
Thu, 12 Oct 2017 15:46:37 - main - INFO - test main logger
Thu, 12 Oct 2017 15:50:22 - main - INFO - test main logger
Thu, 12 Oct 2017 16:12:47 - main - INFO - test main logger
Thu, 12 Oct 2017 16:33:48 - main - INFO - test main logger
Thu, 12 Oct 2017 17:10:59 - main - INFO - test main logger
Fri, 13 Oct 2017 09:04:54 - main - INFO - test main logger
Fri, 13 Oct 2017 09:06:45 - main - INFO - test main logger
Fri, 13 Oct 2017 09:08:05 - main - INFO - test main logger
Fri, 13 Oct 2017 09:08:38 - main - INFO - test main logger
Fri, 13 Oct 2017 09:09:16 - main - INFO - test main logger
Fri, 13 Oct 2017 09:13:52 - main - INFO - test main logger
Fri, 13 Oct 2017 09:14:28 - main - INFO - test main logger
Fri, 13 Oct 2017 09:16:59 - main - INFO - test main logger
Fri, 13 Oct 2017 09:17:32 - main - INFO - test main logger
Fri, 13 Oct 2017 10:15:54 - main - INFO - test main logger
Fri, 13 Oct 2017 10:21:03 - main - INFO - test main logger
Fri, 13 Oct 2017 10:52:12 - main - INFO - test main logger
Fri, 13 Oct 2017 10:55:39 - main - INFO - test main logger
Fri, 13 Oct 2017 10:56:06 - main - INFO - test main logger
Fri, 13 Oct 2017 14:39:27 - main - INFO - test main logger
Fri, 13 Oct 2017 14:42:16 - main - INFO - test main logger
Fri, 13 Oct 2017 14:53:49 - main - INFO - test main logger
Fri, 13 Oct 2017 14:56:17 - main - INFO - test main logger
Fri, 13 Oct 2017 15:01:08 - main - INFO - test main logger
Fri, 13 Oct 2017 15:02:42 - main - INFO - test main logger
Fri, 13 Oct 2017 15:04:37 - main - INFO - test main logger
Fri, 13 Oct 2017 15:05:00 - main - INFO - test main logger
Mon, 16 Oct 2017 09:29:23 - main - INFO - test main logger
Mon, 16 Oct 2017 09:29:39 - main - INFO - test main logger
Mon, 16 Oct 2017 13:15:32 - main - INFO - test main logger
Mon, 16 Oct 2017 15:50:33 - main - INFO - test main logger
Mon, 16 Oct 2017 15:52:33 - main - INFO - test main logger
Mon, 16 Oct 2017 15:59:57 - main - INFO - test main logger
Mon, 16 Oct 2017 16:00:56 - main - INFO - test main logger
Mon, 16 Oct 2017 16:02:21 - main - INFO - test main logger
Mon, 16 Oct 2017 16:06:36 - main - INFO - test main logger
Mon, 16 Oct 2017 16:07:01 - main - INFO - test main logger
Mon, 16 Oct 2017 16:09:03 - main - INFO - test main logger
Mon, 16 Oct 2017 16:18:38 - main - INFO - test main logger
Mon, 16 Oct 2017 16:20:09 - main - INFO - test main logger
Mon, 16 Oct 2017 16:20:49 - main - INFO - test main logger
Mon, 16 Oct 2017 16:22:01 - main - INFO - test main logger
Mon, 16 Oct 2017 16:24:37 - main - INFO - test main logger
Mon, 16 Oct 2017 16:29:39 - main - INFO - test main logger
Mon, 16 Oct 2017 16:43:43 - main - INFO - test main logger
Mon, 16 Oct 2017 16:45:57 - main - INFO - test main logger
Mon, 16 Oct 2017 16:48:50 - main - INFO - test main logger
Mon, 16 Oct 2017 16:50:25 - main - INFO - test main logger
Mon, 16 Oct 2017 16:52:01 - main - INFO - test main logger
Mon, 16 Oct 2017 16:54:16 - main - INFO - test main logger
Mon, 16 Oct 2017 16:55:38 - main - INFO - test main logger
Mon, 16 Oct 2017 17:07:35 - main - INFO - test main logger
Mon, 16 Oct 2017 17:09:32 - main - INFO - test main logger
Tue, 17 Oct 2017 13:38:30 - main - INFO - test main logger
Tue, 17 Oct 2017 13:51:54 - main - INFO - test main logger
Tue, 17 Oct 2017 13:53:23 - main - INFO - test main logger
Tue, 17 Oct 2017 13:54:12 - main - INFO - test main logger
Tue, 17 Oct 2017 13:55:06 - main - INFO - test main logger
Tue, 17 Oct 2017 13:57:37 - main - INFO - test main logger
Tue, 17 Oct 2017 13:58:34 - main - INFO - test main logger
Tue, 17 Oct 2017 14:00:32 - main - INFO - test main logger
Tue, 17 Oct 2017 14:03:25 - main - INFO - test main logger
Tue, 17 Oct 2017 15:01:57 - main - INFO - test main logger
Tue, 17 Oct 2017 15:06:32 - main - INFO - test main logger
Tue, 17 Oct 2017 15:40:07 - main - INFO - test main logger
Tue, 17 Oct 2017 16:40:04 - main - INFO - test main logger
Tue, 17 Oct 2017 16:47:58 - main - INFO - test main logger
Tue, 17 Oct 2017 16:50:05 - main - INFO - test main logger
Wed, 18 Oct 2017 09:14:06 - main - INFO - test main logger
Wed, 18 Oct 2017 09:18:14 - main - INFO - test main logger
Wed, 18 Oct 2017 09:21:54 - main - INFO - test main logger
Wed, 18 Oct 2017 09:24:44 - main - INFO - test main logger
Wed, 18 Oct 2017 09:31:49 - main - INFO - test main logger
Wed, 18 Oct 2017 10:21:51 - main - INFO - test main logger
Wed, 18 Oct 2017 10:43:36 - main - INFO - test main logger
Wed, 18 Oct 2017 10:45:40 - main - INFO - test main logger
Wed, 18 Oct 2017 10:47:48 - main - INFO - test main logger
Wed, 18 Oct 2017 10:48:04 - main - INFO - test main logger
Wed, 18 Oct 2017 10:48:25 - main - INFO - test main logger
Wed, 18 Oct 2017 10:48:58 - main - INFO - test main logger
Wed, 18 Oct 2017 10:51:38 - main - INFO - test main logger
Wed, 18 Oct 2017 16:54:56 - main - INFO - test main logger
Wed, 18 Oct 2017 17:00:09 - main - INFO - test main logger
Wed, 18 Oct 2017 17:10:51 - main - INFO - test main logger
Thu, 19 Oct 2017 09:46:02 - main - INFO - test main logger
Fri, 20 Oct 2017 10:15:13 - main - INFO - test main logger
Fri, 20 Oct 2017 10:52:41 - main - INFO - test main logger
Fri, 20 Oct 2017 11:23:14 - main - INFO - test main logger
Fri, 20 Oct 2017 13:15:39 - main - INFO - test main logger
Tue, 31 Oct 2017 15:44:00 - main - INFO - test main logger
Tue, 31 Oct 2017 15:47:45 - main - INFO - test main logger
Wed, 22 Nov 2017 15:55:43 - main - INFO - test main logger
Wed, 22 Nov 2017 15:56:33 - main - INFO - test main logger
Wed, 22 Nov 2017 16:02:17 - main - INFO - test main logger
Wed, 22 Nov 2017 16:02:29 - main - INFO - test main logger
Wed, 22 Nov 2017 16:10:22 - main - INFO - test main logger
Wed, 22 Nov 2017 16:13:17 - main - INFO - test main logger
Wed, 22 Nov 2017 16:13:41 - main - INFO - test main logger
Wed, 22 Nov 2017 16:13:55 - main - INFO - test main logger
Wed, 22 Nov 2017 16:17:28 - main - INFO - test main logger
Wed, 22 Nov 2017 16:27:30 - main - INFO - test main logger
Wed, 22 Nov 2017 16:59:42 - main - INFO - test main logger
Wed, 22 Nov 2017 17:00:03 - main - INFO - test main logger
Wed, 22 Nov 2017 17:00:58 - main - INFO - test main logger
Wed, 22 Nov 2017 17:01:12 - main - INFO - test main logger
Wed, 22 Nov 2017 17:01:23 - main - INFO - test main logger
Wed, 22 Nov 2017 17:03:25 - main - INFO - test main logger
Wed, 22 Nov 2017 17:04:10 - main - INFO - test main logger
Wed, 22 Nov 2017 17:06:14 - main - INFO - test main logger
Wed, 22 Nov 2017 17:08:21 - main - INFO - test main logger
Thu, 23 Nov 2017 15:42:42 - main - INFO - test main logger
Thu, 23 Nov 2017 15:43:08 - main - INFO - test main logger
Tue, 12 Dec 2017 13:00:52 - main - INFO - test main logger
Tue, 12 Dec 2017 13:01:09 - main - INFO - test main logger
Tue, 12 Dec 2017 13:04:10 - main - INFO - test main logger
Thu, 04 Jan 2018 10:43:15 - main - INFO - test main logger
Thu, 04 Jan 2018 10:45:28 - main - INFO - test main logger
Thu, 04 Jan 2018 10:45:40 - main - INFO - test main logger
Thu, 04 Jan 2018 10:46:28 - main - INFO - test main logger
Thu, 04 Jan 2018 10:49:09 - main - INFO - test main logger
Thu, 04 Jan 2018 10:51:50 - main - INFO - test main logger
Thu, 04 Jan 2018 10:52:09 - main - INFO - test main logger
Thu, 04 Jan 2018 10:52:57 - main - INFO - test main logger
Thu, 04 Jan 2018 10:54:10 - main - INFO - test main logger
Thu, 04 Jan 2018 10:56:17 - main - INFO - test main logger
Thu, 04 Jan 2018 10:58:18 - main - INFO - test main logger
Thu, 04 Jan 2018 10:59:09 - main - INFO - test main logger
Thu, 04 Jan 2018 11:03:10 - main - INFO - test main logger
Thu, 04 Jan 2018 11:03:56 - main - INFO - test main logger
Thu, 04 Jan 2018 11:06:10 - main - INFO - test main logger
Thu, 04 Jan 2018 11:08:00 - main - INFO - test main logger
Thu, 04 Jan 2018 11:11:39 - main - INFO - test main logger
Thu, 04 Jan 2018 11:12:20 - main - INFO - test main logger
Thu, 04 Jan 2018 11:14:46 - main - INFO - test main logger
Thu, 04 Jan 2018 11:15:13 - main - INFO - test main logger
Thu, 04 Jan 2018 13:20:08 - main - INFO - test main logger
Thu, 04 Jan 2018 13:22:23 - main - INFO - test main logger
Thu, 04 Jan 2018 13:41:23 - main - INFO - test main logger
Thu, 04 Jan 2018 13:45:02 - main - INFO - test main logger
Thu, 04 Jan 2018 13:49:55 - main - INFO - test main logger
Thu, 04 Jan 2018 13:50:51 - main - INFO - test main logger
Thu, 04 Jan 2018 13:51:32 - main - INFO - test main logger
Thu, 04 Jan 2018 13:56:26 - main - INFO - test main logger
Thu, 04 Jan 2018 13:59:00 - main - INFO - test main logger
Thu, 04 Jan 2018 14:00:14 - main - INFO - test main logger
Thu, 04 Jan 2018 14:02:37 - main - INFO - test main logger
Thu, 04 Jan 2018 14:02:46 - main - INFO - test main logger
Thu, 04 Jan 2018 14:05:10 - main - INFO - test main logger
Thu, 04 Jan 2018 14:16:39 - main - INFO - test main logger
Thu, 04 Jan 2018 14:18:23 - main - INFO - test main logger
Thu, 04 Jan 2018 14:19:08 - main - INFO - test main logger
Thu, 04 Jan 2018 14:24:21 - main - INFO - test main logger
Thu, 04 Jan 2018 14:24:56 - main - INFO - test main logger
Thu, 04 Jan 2018 14:25:55 - main - INFO - test main logger
Thu, 04 Jan 2018 15:32:23 - main - INFO - test main logger
Thu, 04 Jan 2018 15:46:37 - main - INFO - test main logger
Tue, 16 Jan 2018 16:14:24 - main - INFO - test main logger
Tue, 16 Jan 2018 16:14:46 - main - INFO - test main logger
Tue, 16 Jan 2018 16:17:28 - main - INFO - test main logger
Wed, 17 Jan 2018 08:58:30 - main - INFO - test main logger
Wed, 17 Jan 2018 09:43:03 - main - INFO - test main logger
Wed, 17 Jan 2018 09:56:29 - main - INFO - test main logger
Wed, 17 Jan 2018 10:02:50 - main - INFO - test main logger
Wed, 17 Jan 2018 10:04:08 - main - INFO - test main logger
Wed, 17 Jan 2018 10:18:04 - main - INFO - test main logger
Wed, 17 Jan 2018 10:18:14 - main - INFO - test main logger
Wed, 17 Jan 2018 10:20:08 - main - INFO - test main logger
Wed, 17 Jan 2018 10:20:17 - main - INFO - test main logger
Wed, 17 Jan 2018 10:20:41 - main - INFO - test main logger
Wed, 17 Jan 2018 10:21:52 - main - INFO - test main logger
Wed, 17 Jan 2018 10:23:13 - main - INFO - test main logger
Wed, 17 Jan 2018 10:24:18 - main - INFO - test main logger
Wed, 17 Jan 2018 10:24:31 - main - INFO - test main logger
Wed, 17 Jan 2018 10:24:57 - main - INFO - test main logger
Wed, 17 Jan 2018 10:27:13 - main - INFO - test main logger
Wed, 17 Jan 2018 10:42:35 - main - INFO - test main logger
Wed, 17 Jan 2018 10:45:50 - main - INFO - test main logger
Wed, 17 Jan 2018 10:48:54 - main - INFO - test main logger
Wed, 17 Jan 2018 10:50:21 - main - INFO - test main logger
Wed, 17 Jan 2018 10:53:42 - main - INFO - test main logger
Fri, 13 Apr 2018 17:34:17 - main - INFO - test main logger
Fri, 13 Apr 2018 18:23:23 - main - INFO - test main logger
Fri, 13 Apr 2018 18:24:12 - main - INFO - test main logger
Fri, 13 Apr 2018 18:27:19 - main - INFO - test main logger
Fri, 13 Apr 2018 18:30:58 - main - INFO - test main logger
Mon, 16 Apr 2018 09:42:30 - main - INFO - test main logger
Mon, 16 Apr 2018 09:48:30 - main - INFO - test main logger
Mon, 16 Apr 2018 09:51:38 - main - INFO - test main logger
Mon, 16 Apr 2018 09:58:22 - main - INFO - test main logger
Mon, 16 Apr 2018 10:00:06 - main - INFO - test main logger
Mon, 16 Apr 2018 10:04:03 - main - INFO - test main logger
Mon, 16 Apr 2018 10:11:08 - main - INFO - test main logger
Mon, 16 Apr 2018 10:13:00 - main - INFO - test main logger
Mon, 16 Apr 2018 10:22:27 - main - INFO - test main logger
Mon, 16 Apr 2018 10:22:46 - main - INFO - test main logger
Mon, 16 Apr 2018 10:23:58 - main - INFO - test main logger
Mon, 16 Apr 2018 10:30:01 - main - INFO - test main logger
Mon, 16 Apr 2018 10:30:47 - main - INFO - test main logger
Mon, 16 Apr 2018 10:33:56 - main - INFO - test main logger
Mon, 16 Apr 2018 10:34:07 - main - INFO - test main logger
Mon, 16 Apr 2018 10:34:56 - main - INFO - test main logger
Mon, 16 Apr 2018 10:37:25 - main - INFO - test main logger
Mon, 16 Apr 2018 10:52:02 - main - INFO - test main logger
Tue, 17 Apr 2018 10:56:07 - main - INFO - test main logger
Tue, 17 Apr 2018 10:58:54 - main - INFO - test main logger
